# JRE version: Java(TM) SE Runtime Environment (20.0.2+9) (build 20.0.2+9-78)
# Java VM: Java HotSpot(TM) 64-Bit Server VM (20.0.2+9-78, mixed mode, sharing, tiered, compressed oops, compressed class ptrs, g1 gc, windows-amd64)
GC Precious Log:
 CardTable entry size: 512
 Card Set container configuration: InlinePtr #cards 5 size 8 Array Of Cards #cards 12 size 40 Howl #buckets 4 coarsen threshold 1843 Howl Bitmap #cards 512 size 80 coarsen threshold 460 Card regions per heap region 1 cards per card region 2048
 CPUs: 8 total, 8 available
 Memory: 7991M
 Large Page Support: Disabled
 NUMA Support: Disabled
 Compressed Oops: Enabled (32-bit)
 Heap Region Size: 1M
 Heap Min Capacity: 8M
 Heap Initial Capacity: 126M
 Heap Max Capacity: 1998M
 Pre-touch: Disabled
 Parallel Workers: 8
 Concurrent Workers: 2
 Concurrent Refinement Workers: 8
 Periodic GC: Disabled
Heap:
 garbage-first heap   total 206848K, used 131481K [0x0000000083200000, 0x0000000100000000)
  region size 1024K, 32 young (32768K), 7 survivors (7168K)
 Metaspace       used 100775K, committed 101952K, reserved 1179648K
  class space    used 13237K, committed 13760K, reserved 1048576K
GC Heap History (20 events):
Event: 10.914 GC heap after
{Heap after GC invocations=31 (full 0):
 garbage-first heap   total 117760K, used 71281K [0x0000000083200000, 0x0000000100000000)
  region size 1024K, 3 young (3072K), 3 survivors (3072K)
 Metaspace       used 75963K, committed 76672K, reserved 1179648K
  class space    used 10068K, committed 10368K, reserved 1048576K
}
Event: 11.021 GC heap before
{Heap before GC invocations=32 (full 0):
 garbage-first heap   total 137216K, used 106097K [0x0000000083200000, 0x0000000100000000)
  region size 1024K, 37 young (37888K), 3 survivors (3072K)
 Metaspace       used 76001K, committed 76736K, reserved 1179648K
  class space    used 10069K, committed 10368K, reserved 1048576K
}
Event: 11.026 GC heap after
{Heap after GC invocations=33 (full 0):
 garbage-first heap   total 137216K, used 77228K [0x0000000083200000, 0x0000000100000000)
  region size 1024K, 5 young (5120K), 5 survivors (5120K)
 Metaspace       used 76001K, committed 76736K, reserved 1179648K
  class space    used 10069K, committed 10368K, reserved 1048576K
}
Event: 11.103 GC heap before
{Heap before GC invocations=33 (full 0):
 garbage-first heap   total 137216K, used 120236K [0x0000000083200000, 0x0000000100000000)
  region size 1024K, 47 young (48128K), 5 survivors (5120K)
 Metaspace       used 76063K, committed 76800K, reserved 1179648K
  class space    used 10088K, committed 10432K, reserved 1048576K
}
Event: 11.108 GC heap after
{Heap after GC invocations=34 (full 0):
 garbage-first heap   total 206848K, used 79680K [0x0000000083200000, 0x0000000100000000)
  region size 1024K, 6 young (6144K), 6 survivors (6144K)
 Metaspace       used 76063K, committed 76800K, reserved 1179648K
  class space    used 10088K, committed 10432K, reserved 1048576K
}
Event: 11.867 GC heap before
{Heap before GC invocations=34 (full 0):
 garbage-first heap   total 206848K, used 171840K [0x0000000083200000, 0x0000000100000000)
  region size 1024K, 96 young (98304K), 6 survivors (6144K)
 Metaspace       used 78534K, committed 79232K, reserved 1179648K
  class space    used 10395K, committed 10688K, reserved 1048576K
}
Event: 11.874 GC heap after
{Heap after GC invocations=35 (full 0):
 garbage-first heap   total 206848K, used 86524K [0x0000000083200000, 0x0000000100000000)
  region size 1024K, 12 young (12288K), 12 survivors (12288K)
 Metaspace       used 78534K, committed 79232K, reserved 1179648K
  class space    used 10395K, committed 10688K, reserved 1048576K
}
Event: 13.153 GC heap before
{Heap before GC invocations=35 (full 0):
 garbage-first heap   total 206848K, used 174588K [0x0000000083200000, 0x0000000100000000)
  region size 1024K, 98 young (100352K), 12 survivors (12288K)
 Metaspace       used 81787K, committed 82688K, reserved 1179648K
  class space    used 10681K, committed 11072K, reserved 1048576K
}
Event: 13.161 GC heap after
{Heap after GC invocations=36 (full 0):
 garbage-first heap   total 206848K, used 94521K [0x0000000083200000, 0x0000000100000000)
  region size 1024K, 13 young (13312K), 13 survivors (13312K)
 Metaspace       used 81787K, committed 82688K, reserved 1179648K
  class space    used 10681K, committed 11072K, reserved 1048576K
}
Event: 13.982 GC heap before
{Heap before GC invocations=36 (full 0):
 garbage-first heap   total 206848K, used 180537K [0x0000000083200000, 0x0000000100000000)
  region size 1024K, 97 young (99328K), 13 survivors (13312K)
 Metaspace       used 85163K, committed 86016K, reserved 1179648K
  class space    used 11054K, committed 11456K, reserved 1048576K
}
Event: 13.991 GC heap after
{Heap after GC invocations=37 (full 0):
 garbage-first heap   total 206848K, used 100870K [0x0000000083200000, 0x0000000100000000)
  region size 1024K, 6 young (6144K), 6 survivors (6144K)
 Metaspace       used 85163K, committed 86016K, reserved 1179648K
  class space    used 11054K, committed 11456K, reserved 1048576K
}
Event: 14.361 GC heap before
{Heap before GC invocations=37 (full 0):
 garbage-first heap   total 206848K, used 183814K [0x0000000083200000, 0x0000000100000000)
  region size 1024K, 87 young (89088K), 6 survivors (6144K)
 Metaspace       used 87491K, committed 88448K, reserved 1179648K
  class space    used 11484K, committed 11904K, reserved 1048576K
}
Event: 14.365 GC heap after
{Heap after GC invocations=38 (full 0):
 garbage-first heap   total 206848K, used 101215K [0x0000000083200000, 0x0000000100000000)
  region size 1024K, 7 young (7168K), 7 survivors (7168K)
 Metaspace       used 87491K, committed 88448K, reserved 1179648K
  class space    used 11484K, committed 11904K, reserved 1048576K
}
Event: 15.388 GC heap before
{Heap before GC invocations=39 (full 0):
 garbage-first heap   total 206848K, used 186207K [0x0000000083200000, 0x0000000100000000)
  region size 1024K, 91 young (93184K), 7 survivors (7168K)
 Metaspace       used 90954K, committed 92032K, reserved 1179648K
  class space    used 11963K, committed 12480K, reserved 1048576K
}
Event: 15.394 GC heap after
{Heap after GC invocations=40 (full 0):
 garbage-first heap   total 206848K, used 104090K [0x0000000083200000, 0x0000000100000000)
  region size 1024K, 11 young (11264K), 11 survivors (11264K)
 Metaspace       used 90954K, committed 92032K, reserved 1179648K
  class space    used 11963K, committed 12480K, reserved 1048576K
}
Event: 20.711 GC heap before
{Heap before GC invocations=40 (full 0):
 garbage-first heap   total 206848K, used 182938K [0x0000000083200000, 0x0000000100000000)
  region size 1024K, 88 young (90112K), 11 survivors (11264K)
 Metaspace       used 96775K, committed 97920K, reserved 1179648K
  class space    used 12704K, committed 13248K, reserved 1048576K
}
Event: 20.719 GC heap after
{Heap after GC invocations=41 (full 0):
 garbage-first heap   total 206848K, used 104263K [0x0000000083200000, 0x0000000100000000)
  region size 1024K, 10 young (10240K), 10 survivors (10240K)
 Metaspace       used 96775K, committed 97920K, reserved 1179648K
  class space    used 12704K, committed 13248K, reserved 1048576K
}
Event: 77.354 GC heap before
{Heap before GC invocations=41 (full 0):
 garbage-first heap   total 206848K, used 184135K [0x0000000083200000, 0x0000000100000000)
  region size 1024K, 88 young (90112K), 10 survivors (10240K)
 Metaspace       used 100769K, committed 101952K, reserved 1179648K
  class space    used 13226K, committed 13760K, reserved 1048576K
}
Event: 77.360 GC heap after
{Heap after GC invocations=42 (full 0):
 garbage-first heap   total 206848K, used 105881K [0x0000000083200000, 0x0000000100000000)
  region size 1024K, 7 young (7168K), 7 survivors (7168K)
 Metaspace       used 100769K, committed 101952K, reserved 1179648K
  class space    used 13226K, committed 13760K, reserved 1048576K
}
Event: 110.252 GC heap before
{Heap before GC invocations=43 (full 0):
 garbage-first heap   total 206848K, used 130457K [0x0000000083200000, 0x0000000100000000)
  region size 1024K, 32 young (32768K), 7 survivors (7168K)
 Metaspace       used 100775K, committed 101952K, reserved 1179648K
  class space    used 13237K, committed 13760K, reserved 1048576K
}

